PyNaCl is not installed, voice will NOT be supported
on_ready has successfully been registered as an event
logging in using static token
Shard ID None has connected to Gateway (Session ID: fcdd97c064a1def738c8c745c8120825).
Ignoring exception in command None
discord.ext.commands.errors.CommandNotFound: Command "todoread" is not found
Ignoring exception in command todo+
Traceback (most recent call last):
  File "/opt/miniconda3/lib/python3.13/site-packages/discord/ext/commands/bot.py", line 1376, in invoke
    await ctx.command.invoke(ctx)
  File "/opt/miniconda3/lib/python3.13/site-packages/discord/ext/commands/core.py", line 1056, in invoke
    await self.prepare(ctx)
  File "/opt/miniconda3/lib/python3.13/site-packages/discord/ext/commands/core.py", line 960, in prepare
    if not await self.can_run(ctx):
           ^^^^^^^^^^^^^^^^^^^^^^^
  File "/opt/miniconda3/lib/python3.13/site-packages/discord/ext/commands/core.py", line 1308, in can_run
    raise CheckFailure(f'The global check functions for command {self.qualified_name} failed.')
discord.ext.commands.errors.CheckFailure: The global check functions for command todo+ failed.
Shard ID None session has been invalidated.
Shard ID None session has been invalidated.
Shard ID None has connected to Gateway (Session ID: d52f3f37b9f521bf59860c3b154a6ae0).
Shard ID None session has been invalidated.
Shard ID None has connected to Gateway (Session ID: a03af27fefce6d3ffa4926a1eff90f21).
Shard ID None session has been invalidated.
Attempting a reconnect in 0.14s
Traceback (most recent call last):
  File "/opt/miniconda3/lib/python3.13/site-packages/discord/client.py", line 724, in connect
    self.ws = await asyncio.wait_for(coro, timeout=60.0)
              ^^^^^^^^^^^^^^^^^^^^^^^^^^^^^^^^^^^^^^^^^^
  File "/opt/miniconda3/lib/python3.13/asyncio/tasks.py", line 507, in wait_for
    return await fut
           ^^^^^^^^^
  File "/opt/miniconda3/lib/python3.13/site-packages/discord/gateway.py", line 413, in from_client
    await ws.identify()
  File "/opt/miniconda3/lib/python3.13/site-packages/discord/gateway.py", line 481, in identify
    await self.send_as_json(payload)
  File "/opt/miniconda3/lib/python3.13/site-packages/discord/gateway.py", line 671, in send_as_json
    await self.send(utils._to_json(data))
  File "/opt/miniconda3/lib/python3.13/site-packages/discord/gateway.py", line 667, in send
    await self.socket.send_str(data)
  File "/opt/miniconda3/lib/python3.13/site-packages/aiohttp/client_ws.py", line 245, in send_str
    await self._writer.send_frame(
        data.encode("utf-8"), WSMsgType.TEXT, compress=compress
    )
  File "/opt/miniconda3/lib/python3.13/site-packages/aiohttp/_websocket/writer.py", line 83, in send_frame
    self._write_websocket_frame(message, opcode, 0)
    ~~~~~~~~~~~~~~~~~~~~~~~~~~~^^^^^^^^^^^^^^^^^^^^
  File "/opt/miniconda3/lib/python3.13/site-packages/aiohttp/_websocket/writer.py", line 151, in _write_websocket_frame
    raise ClientConnectionResetError("Cannot write to closing transport")
aiohttp.client_exceptions.ClientConnectionResetError: Cannot write to closing transport
Shard ID None session has been invalidated.
Shard ID None has connected to Gateway (Session ID: 07065f266192aaf51cde30f7da229fc8).
Shard ID None session has been invalidated.
Shard ID None session has been invalidated.
Attempting a reconnect in 2.34s
Traceback (most recent call last):
  File "/opt/miniconda3/lib/python3.13/site-packages/aiohttp/connector.py", line 1532, in _create_direct_connection
    hosts = await self._resolve_host(host, port, traces=traces)
            ^^^^^^^^^^^^^^^^^^^^^^^^^^^^^^^^^^^^^^^^^^^^^^^^^^^
  File "/opt/miniconda3/lib/python3.13/site-packages/aiohttp/connector.py", line 1148, in _resolve_host
    return await asyncio.shield(resolved_host_task)
           ^^^^^^^^^^^^^^^^^^^^^^^^^^^^^^^^^^^^^^^^
  File "/opt/miniconda3/lib/python3.13/site-packages/aiohttp/connector.py", line 1179, in _resolve_host_with_throttle
    addrs = await self._resolver.resolve(host, port, family=self._family)
            ^^^^^^^^^^^^^^^^^^^^^^^^^^^^^^^^^^^^^^^^^^^^^^^^^^^^^^^^^^^^^
  File "/opt/miniconda3/lib/python3.13/site-packages/aiohttp/resolver.py", line 40, in resolve
    infos = await self._loop.getaddrinfo(
            ^^^^^^^^^^^^^^^^^^^^^^^^^^^^^
    ...<5 lines>...
    )
    ^
  File "/opt/miniconda3/lib/python3.13/asyncio/base_events.py", line 939, in getaddrinfo
    return await self.run_in_executor(
           ^^^^^^^^^^^^^^^^^^^^^^^^^^^
        None, getaddr_func, host, port, family, type, proto, flags)
        ^^^^^^^^^^^^^^^^^^^^^^^^^^^^^^^^^^^^^^^^^^^^^^^^^^^^^^^^^^^
  File "/opt/miniconda3/lib/python3.13/concurrent/futures/thread.py", line 59, in run
    result = self.fn(*self.args, **self.kwargs)
  File "/opt/miniconda3/lib/python3.13/socket.py", line 977, in getaddrinfo
    for res in _socket.getaddrinfo(host, port, family, type, proto, flags):
               ~~~~~~~~~~~~~~~~~~~^^^^^^^^^^^^^^^^^^^^^^^^^^^^^^^^^^^^^^^^
socket.gaierror: [Errno 8] nodename nor servname provided, or not known

The above exception was the direct cause of the following exception:

Traceback (most recent call last):
  File "/opt/miniconda3/lib/python3.13/site-packages/discord/client.py", line 724, in connect
    self.ws = await asyncio.wait_for(coro, timeout=60.0)
              ^^^^^^^^^^^^^^^^^^^^^^^^^^^^^^^^^^^^^^^^^^
  File "/opt/miniconda3/lib/python3.13/asyncio/tasks.py", line 507, in wait_for
    return await fut
           ^^^^^^^^^
  File "/opt/miniconda3/lib/python3.13/site-packages/discord/gateway.py", line 383, in from_client
    socket = await client.http.ws_connect(str(url))
             ^^^^^^^^^^^^^^^^^^^^^^^^^^^^^^^^^^^^^^
  File "/opt/miniconda3/lib/python3.13/site-packages/discord/http.py", line 566, in ws_connect
    return await self.__session.ws_connect(url, **kwargs)
           ^^^^^^^^^^^^^^^^^^^^^^^^^^^^^^^^^^^^^^^^^^^^^^
  File "/opt/miniconda3/lib/python3.13/site-packages/aiohttp/client.py", line 1076, in _ws_connect
    resp = await self.request(
           ^^^^^^^^^^^^^^^^^^^
    ...<11 lines>...
    )
    ^
  File "/opt/miniconda3/lib/python3.13/site-packages/aiohttp/client.py", line 779, in _request
    resp = await handler(req)
           ^^^^^^^^^^^^^^^^^^
  File "/opt/miniconda3/lib/python3.13/site-packages/aiohttp/client.py", line 734, in _connect_and_send_request
    conn = await self._connector.connect(
           ^^^^^^^^^^^^^^^^^^^^^^^^^^^^^^
        req, traces=traces, timeout=real_timeout
        ^^^^^^^^^^^^^^^^^^^^^^^^^^^^^^^^^^^^^^^^
    )
    ^
  File "/opt/miniconda3/lib/python3.13/site-packages/aiohttp/connector.py", line 642, in connect
    proto = await self._create_connection(req, traces, timeout)
            ^^^^^^^^^^^^^^^^^^^^^^^^^^^^^^^^^^^^^^^^^^^^^^^^^^^
  File "/opt/miniconda3/lib/python3.13/site-packages/aiohttp/connector.py", line 1209, in _create_connection
    _, proto = await self._create_direct_connection(req, traces, timeout)
               ^^^^^^^^^^^^^^^^^^^^^^^^^^^^^^^^^^^^^^^^^^^^^^^^^^^^^^^^^^
  File "/opt/miniconda3/lib/python3.13/site-packages/aiohttp/connector.py", line 1538, in _create_direct_connection
    raise ClientConnectorDNSError(req.connection_key, exc) from exc
aiohttp.client_exceptions.ClientConnectorDNSError: Cannot connect to host gateway-us-east1-d.discord.gg:443 ssl:default [nodename nor servname provided, or not known]
